
=INFO REPORT==== 24-Sep-2013::17:17:55 ===
Ctlfile : /home/toma1029/.yaws/yaws/default/CTL

=INFO REPORT==== 24-Sep-2013::17:17:55 ===
Yaws: Listening to 127.0.0.1:8000 for <1> virtual servers:
 - http://mydomain.org:8000 under /home/toma1029/git/sensor-cloud/deps/nitrogen/site/static

=INFO REPORT==== 24-Sep-2013::17:18:48 ===
Ctlfile : /home/toma1029/.yaws/yaws/default/CTL

=INFO REPORT==== 24-Sep-2013::17:18:48 ===
Yaws: Listening to 127.0.0.1:8000 for <1> virtual servers:
 - http://mydomain.org:8000 under /home/toma1029/git/sensor-cloud/deps/nitrogen/site/static

=INFO REPORT==== 25-Sep-2013::10:17:36 ===
Ctlfile : /home/toma1029/.yaws/yaws/default/CTL

=INFO REPORT==== 25-Sep-2013::10:17:36 ===
Yaws: Listening to 127.0.0.1:8000 for <1> virtual servers:
 - http://mydomain.org:8000 under /home/toma1029/git/sensor-cloud/deps/nitrogen/site/static

=INFO REPORT==== 25-Sep-2013::10:25:49 ===
Ctlfile : /home/toma1029/.yaws/yaws/default/CTL

=INFO REPORT==== 25-Sep-2013::10:25:49 ===
Yaws: Listening to 127.0.0.1:8000 for <1> virtual servers:
 - http://mydomain.org:8000 under /home/toma1029/git/sensor-cloud/deps/nitrogen/site/static

=INFO REPORT==== 25-Sep-2013::10:26:10 ===
stop_ready([], <0.122.0>)

=INFO REPORT==== 25-Sep-2013::10:26:24 ===
Ctlfile : /home/toma1029/.yaws/yaws/default/CTL

=INFO REPORT==== 25-Sep-2013::10:26:24 ===
Yaws: Listening to 127.0.0.1:8000 for <1> virtual servers:
 - http://mydomain.org:8000 under /home/toma1029/git/sensor-cloud/deps/nitrogen/site/static

=INFO REPORT==== 25-Sep-2013::10:55:44 ===
Ctlfile : /home/toma1029/.yaws/yaws/default/CTL

=INFO REPORT==== 25-Sep-2013::10:55:44 ===
Yaws: Listening to 127.0.0.1:8000 for <1> virtual servers:
 - http://mydomain.org:8000 under /home/toma1029/git/sensor-cloud/deps/nitrogen/site/static

=INFO REPORT==== 25-Sep-2013::10:58:57 ===
Ctlfile : /home/toma1029/.yaws/yaws/default/CTL

=INFO REPORT==== 25-Sep-2013::10:58:57 ===
Yaws: Listening to 127.0.0.1:8000 for <1> virtual servers:
 - http://mydomain.org:8000 under /home/toma1029/git/sensor-cloud/deps/nitrogen/site/static

=INFO REPORT==== 25-Sep-2013::11:25:43 ===
Ctlfile : /home/toma1029/.yaws/yaws/default/CTL

=INFO REPORT==== 25-Sep-2013::11:25:43 ===
Yaws: Listening to 127.0.0.1:8000 for <1> virtual servers:
 - http://mydomain.org:8000 under /home/toma1029/git/sensor-cloud/deps/nitrogen/site/static
